2017-04-21 15:19:24.103 server error ReferenceError: window is not defined
    at ToTop.componentWillMount (/Users/yongchao.wu/gitlab/weather_website_mobile/client/components/toTop/index.jsx:14:9)
    at /Users/yongchao.wu/gitlab/weather_website_mobile/node_modules/react-dom/lib/ReactCompositeComponent.js:348:23
    at measureLifeCyclePerf (/Users/yongchao.wu/gitlab/weather_website_mobile/node_modules/react-dom/lib/ReactCompositeComponent.js:75:12)
    at ReactCompositeComponentWrapper.performInitialMount (/Users/yongchao.wu/gitlab/weather_website_mobile/node_modules/react-dom/lib/ReactCompositeComponent.js:347:9)
    at ReactCompositeComponentWrapper.mountComponent (/Users/yongchao.wu/gitlab/weather_website_mobile/node_modules/react-dom/lib/ReactCompositeComponent.js:258:21)
    at Object.mountComponent (/Users/yongchao.wu/gitlab/weather_website_mobile/node_modules/react-dom/lib/ReactReconciler.js:46:35)
    at ReactDOMComponent.mountChildren (/Users/yongchao.wu/gitlab/weather_website_mobile/node_modules/react-dom/lib/ReactMultiChild.js:238:44)
    at ReactDOMComponent._createContentMarkup (/Users/yongchao.wu/gitlab/weather_website_mobile/node_modules/react-dom/lib/ReactDOMComponent.js:653:32)
    at ReactDOMComponent.mountComponent (/Users/yongchao.wu/gitlab/weather_website_mobile/node_modules/react-dom/lib/ReactDOMComponent.js:520:29)
    at Object.mountComponent (/Users/yongchao.wu/gitlab/weather_website_mobile/node_modules/react-dom/lib/ReactReconciler.js:46:35)

2017-04-21 15:23:24.417 server error ReferenceError: window is not defined
    at ToTop.componentWillMount (/Users/yongchao.wu/gitlab/weather_website_mobile/client/components/toTop/index.jsx:14:9)
    at /Users/yongchao.wu/gitlab/weather_website_mobile/node_modules/react-dom/lib/ReactCompositeComponent.js:348:23
    at measureLifeCyclePerf (/Users/yongchao.wu/gitlab/weather_website_mobile/node_modules/react-dom/lib/ReactCompositeComponent.js:75:12)
    at ReactCompositeComponentWrapper.performInitialMount (/Users/yongchao.wu/gitlab/weather_website_mobile/node_modules/react-dom/lib/ReactCompositeComponent.js:347:9)
    at ReactCompositeComponentWrapper.mountComponent (/Users/yongchao.wu/gitlab/weather_website_mobile/node_modules/react-dom/lib/ReactCompositeComponent.js:258:21)
    at Object.mountComponent (/Users/yongchao.wu/gitlab/weather_website_mobile/node_modules/react-dom/lib/ReactReconciler.js:46:35)
    at ReactDOMComponent.mountChildren (/Users/yongchao.wu/gitlab/weather_website_mobile/node_modules/react-dom/lib/ReactMultiChild.js:238:44)
    at ReactDOMComponent._createContentMarkup (/Users/yongchao.wu/gitlab/weather_website_mobile/node_modules/react-dom/lib/ReactDOMComponent.js:653:32)
    at ReactDOMComponent.mountComponent (/Users/yongchao.wu/gitlab/weather_website_mobile/node_modules/react-dom/lib/ReactDOMComponent.js:520:29)
    at Object.mountComponent (/Users/yongchao.wu/gitlab/weather_website_mobile/node_modules/react-dom/lib/ReactReconciler.js:46:35)

2017-04-21 15:40:17.685 server error ReferenceError: document is not defined
    at ToTop.componentWillMount (/Users/yongchao.wu/gitlab/weather_website_mobile/client/components/toTop/index.jsx:14:9)
    at /Users/yongchao.wu/gitlab/weather_website_mobile/node_modules/react-dom/lib/ReactCompositeComponent.js:348:23
    at measureLifeCyclePerf (/Users/yongchao.wu/gitlab/weather_website_mobile/node_modules/react-dom/lib/ReactCompositeComponent.js:75:12)
    at ReactCompositeComponentWrapper.performInitialMount (/Users/yongchao.wu/gitlab/weather_website_mobile/node_modules/react-dom/lib/ReactCompositeComponent.js:347:9)
    at ReactCompositeComponentWrapper.mountComponent (/Users/yongchao.wu/gitlab/weather_website_mobile/node_modules/react-dom/lib/ReactCompositeComponent.js:258:21)
    at Object.mountComponent (/Users/yongchao.wu/gitlab/weather_website_mobile/node_modules/react-dom/lib/ReactReconciler.js:46:35)
    at ReactDOMComponent.mountChildren (/Users/yongchao.wu/gitlab/weather_website_mobile/node_modules/react-dom/lib/ReactMultiChild.js:238:44)
    at ReactDOMComponent._createContentMarkup (/Users/yongchao.wu/gitlab/weather_website_mobile/node_modules/react-dom/lib/ReactDOMComponent.js:653:32)
    at ReactDOMComponent.mountComponent (/Users/yongchao.wu/gitlab/weather_website_mobile/node_modules/react-dom/lib/ReactDOMComponent.js:520:29)
    at Object.mountComponent (/Users/yongchao.wu/gitlab/weather_website_mobile/node_modules/react-dom/lib/ReactReconciler.js:46:35)

