2017-03-30 14:28:59.535 server error TypeError: (0 , _liveview.liveview) is not a function
    at exports.default (/Users/yongchao.wu/gitlab/weather_site_mobile/lib/query.js:16:28)
    at /Users/yongchao.wu/gitlab/weather_site_mobile/lib/render.jsx:61:17
    at /Users/yongchao.wu/gitlab/weather_site_mobile/node_modules/react-router/lib/match.js:67:5
    at /Users/yongchao.wu/gitlab/weather_site_mobile/node_modules/react-router/lib/createTransitionManager.js:99:11
    at done (/Users/yongchao.wu/gitlab/weather_site_mobile/node_modules/react-router/lib/AsyncUtils.js:79:19)
    at /Users/yongchao.wu/gitlab/weather_site_mobile/node_modules/react-router/lib/AsyncUtils.js:85:7
    at getComponentsForRoute (/Users/yongchao.wu/gitlab/weather_site_mobile/node_modules/react-router/lib/getComponents.js:11:5)
    at /Users/yongchao.wu/gitlab/weather_site_mobile/node_modules/react-router/lib/getComponents.js:35:5
    at /Users/yongchao.wu/gitlab/weather_site_mobile/node_modules/react-router/lib/AsyncUtils.js:84:5
    at Array.forEach (native)

2017-03-30 14:29:54.630 server error Error: Given action "LIVEVIEW", reducer "liveview" returned undefined. To ignore an action, you must explicitly return the previous state.
    at combination (/Users/yongchao.wu/gitlab/weather_site_mobile/node_modules/redux/lib/combineReducers.js:135:15)
    at dispatch (/Users/yongchao.wu/gitlab/weather_site_mobile/node_modules/redux/lib/createStore.js:179:22)
    at Object.dispatch (/Users/yongchao.wu/gitlab/weather_site_mobile/node_modules/redux-thunk/lib/index.js:14:16)
    at exports.default (/Users/yongchao.wu/gitlab/weather_site_mobile/lib/query.js:14:19)
    at /Users/yongchao.wu/gitlab/weather_site_mobile/lib/render.jsx:61:17
    at /Users/yongchao.wu/gitlab/weather_site_mobile/node_modules/react-router/lib/match.js:67:5
    at /Users/yongchao.wu/gitlab/weather_site_mobile/node_modules/react-router/lib/createTransitionManager.js:99:11
    at done (/Users/yongchao.wu/gitlab/weather_site_mobile/node_modules/react-router/lib/AsyncUtils.js:79:19)
    at /Users/yongchao.wu/gitlab/weather_site_mobile/node_modules/react-router/lib/AsyncUtils.js:85:7
    at getComponentsForRoute (/Users/yongchao.wu/gitlab/weather_site_mobile/node_modules/react-router/lib/getComponents.js:11:5)

2017-03-30 14:30:25.545 server error Error: Given action "LIVEVIEW", reducer "liveview" returned undefined. To ignore an action, you must explicitly return the previous state.
    at combination (/Users/yongchao.wu/gitlab/weather_site_mobile/node_modules/redux/lib/combineReducers.js:135:15)
    at dispatch (/Users/yongchao.wu/gitlab/weather_site_mobile/node_modules/redux/lib/createStore.js:179:22)
    at Object.dispatch (/Users/yongchao.wu/gitlab/weather_site_mobile/node_modules/redux-thunk/lib/index.js:14:16)
    at exports.default (/Users/yongchao.wu/gitlab/weather_site_mobile/lib/query.js:14:19)
    at /Users/yongchao.wu/gitlab/weather_site_mobile/lib/render.jsx:61:17
    at /Users/yongchao.wu/gitlab/weather_site_mobile/node_modules/react-router/lib/match.js:67:5
    at /Users/yongchao.wu/gitlab/weather_site_mobile/node_modules/react-router/lib/createTransitionManager.js:99:11
    at done (/Users/yongchao.wu/gitlab/weather_site_mobile/node_modules/react-router/lib/AsyncUtils.js:79:19)
    at /Users/yongchao.wu/gitlab/weather_site_mobile/node_modules/react-router/lib/AsyncUtils.js:85:7
    at getComponentsForRoute (/Users/yongchao.wu/gitlab/weather_site_mobile/node_modules/react-router/lib/getComponents.js:11:5)

2017-03-30 14:36:17.834 server error Error: Given action "LIVEVIEW", reducer "liveview" returned undefined. To ignore an action, you must explicitly return the previous state.
    at combination (/Users/yongchao.wu/gitlab/weather_site_mobile/node_modules/redux/lib/combineReducers.js:135:15)
    at dispatch (/Users/yongchao.wu/gitlab/weather_site_mobile/node_modules/redux/lib/createStore.js:179:22)
    at Object.dispatch (/Users/yongchao.wu/gitlab/weather_site_mobile/node_modules/redux-thunk/lib/index.js:14:16)
    at exports.default (/Users/yongchao.wu/gitlab/weather_site_mobile/lib/query.js:15:19)
    at /Users/yongchao.wu/gitlab/weather_site_mobile/lib/render.jsx:61:17
    at /Users/yongchao.wu/gitlab/weather_site_mobile/node_modules/react-router/lib/match.js:67:5
    at /Users/yongchao.wu/gitlab/weather_site_mobile/node_modules/react-router/lib/createTransitionManager.js:99:11
    at done (/Users/yongchao.wu/gitlab/weather_site_mobile/node_modules/react-router/lib/AsyncUtils.js:79:19)
    at /Users/yongchao.wu/gitlab/weather_site_mobile/node_modules/react-router/lib/AsyncUtils.js:85:7
    at getComponentsForRoute (/Users/yongchao.wu/gitlab/weather_site_mobile/node_modules/react-router/lib/getComponents.js:11:5)

2017-03-30 14:36:19.838 server error Error: Given action "LIVEVIEW", reducer "liveview" returned undefined. To ignore an action, you must explicitly return the previous state.
    at combination (/Users/yongchao.wu/gitlab/weather_site_mobile/node_modules/redux/lib/combineReducers.js:135:15)
    at dispatch (/Users/yongchao.wu/gitlab/weather_site_mobile/node_modules/redux/lib/createStore.js:179:22)
    at Object.dispatch (/Users/yongchao.wu/gitlab/weather_site_mobile/node_modules/redux-thunk/lib/index.js:14:16)
    at exports.default (/Users/yongchao.wu/gitlab/weather_site_mobile/lib/query.js:15:19)
    at /Users/yongchao.wu/gitlab/weather_site_mobile/lib/render.jsx:61:17
    at /Users/yongchao.wu/gitlab/weather_site_mobile/node_modules/react-router/lib/match.js:67:5
    at /Users/yongchao.wu/gitlab/weather_site_mobile/node_modules/react-router/lib/createTransitionManager.js:99:11
    at done (/Users/yongchao.wu/gitlab/weather_site_mobile/node_modules/react-router/lib/AsyncUtils.js:79:19)
    at /Users/yongchao.wu/gitlab/weather_site_mobile/node_modules/react-router/lib/AsyncUtils.js:85:7
    at getComponentsForRoute (/Users/yongchao.wu/gitlab/weather_site_mobile/node_modules/react-router/lib/getComponents.js:11:5)

2017-03-30 14:36:31.309 server error Error: Given action "LIVEVIEW", reducer "liveview" returned undefined. To ignore an action, you must explicitly return the previous state.
    at combination (/Users/yongchao.wu/gitlab/weather_site_mobile/node_modules/redux/lib/combineReducers.js:135:15)
    at dispatch (/Users/yongchao.wu/gitlab/weather_site_mobile/node_modules/redux/lib/createStore.js:179:22)
    at Object.dispatch (/Users/yongchao.wu/gitlab/weather_site_mobile/node_modules/redux-thunk/lib/index.js:14:16)
    at exports.default (/Users/yongchao.wu/gitlab/weather_site_mobile/lib/query.js:15:19)
    at /Users/yongchao.wu/gitlab/weather_site_mobile/lib/render.jsx:61:17
    at /Users/yongchao.wu/gitlab/weather_site_mobile/node_modules/react-router/lib/match.js:67:5
    at /Users/yongchao.wu/gitlab/weather_site_mobile/node_modules/react-router/lib/createTransitionManager.js:99:11
    at done (/Users/yongchao.wu/gitlab/weather_site_mobile/node_modules/react-router/lib/AsyncUtils.js:79:19)
    at /Users/yongchao.wu/gitlab/weather_site_mobile/node_modules/react-router/lib/AsyncUtils.js:85:7
    at getComponentsForRoute (/Users/yongchao.wu/gitlab/weather_site_mobile/node_modules/react-router/lib/getComponents.js:11:5)

2017-03-30 14:36:35.913 server error Error: Given action "LIVEVIEW", reducer "liveview" returned undefined. To ignore an action, you must explicitly return the previous state.
    at combination (/Users/yongchao.wu/gitlab/weather_site_mobile/node_modules/redux/lib/combineReducers.js:135:15)
    at dispatch (/Users/yongchao.wu/gitlab/weather_site_mobile/node_modules/redux/lib/createStore.js:179:22)
    at Object.dispatch (/Users/yongchao.wu/gitlab/weather_site_mobile/node_modules/redux-thunk/lib/index.js:14:16)
    at exports.default (/Users/yongchao.wu/gitlab/weather_site_mobile/lib/query.js:15:19)
    at /Users/yongchao.wu/gitlab/weather_site_mobile/lib/render.jsx:61:17
    at /Users/yongchao.wu/gitlab/weather_site_mobile/node_modules/react-router/lib/match.js:67:5
    at /Users/yongchao.wu/gitlab/weather_site_mobile/node_modules/react-router/lib/createTransitionManager.js:99:11
    at done (/Users/yongchao.wu/gitlab/weather_site_mobile/node_modules/react-router/lib/AsyncUtils.js:79:19)
    at /Users/yongchao.wu/gitlab/weather_site_mobile/node_modules/react-router/lib/AsyncUtils.js:85:7
    at getComponentsForRoute (/Users/yongchao.wu/gitlab/weather_site_mobile/node_modules/react-router/lib/getComponents.js:11:5)

2017-03-30 14:36:52.748 server error Error: Given action "LIVEVIEW", reducer "liveview" returned undefined. To ignore an action, you must explicitly return the previous state.
    at combination (/Users/yongchao.wu/gitlab/weather_site_mobile/node_modules/redux/lib/combineReducers.js:135:15)
    at dispatch (/Users/yongchao.wu/gitlab/weather_site_mobile/node_modules/redux/lib/createStore.js:179:22)
    at Object.dispatch (/Users/yongchao.wu/gitlab/weather_site_mobile/node_modules/redux-thunk/lib/index.js:14:16)
    at exports.default (/Users/yongchao.wu/gitlab/weather_site_mobile/lib/query.js:15:19)
    at /Users/yongchao.wu/gitlab/weather_site_mobile/lib/render.jsx:61:17
    at /Users/yongchao.wu/gitlab/weather_site_mobile/node_modules/react-router/lib/match.js:67:5
    at /Users/yongchao.wu/gitlab/weather_site_mobile/node_modules/react-router/lib/createTransitionManager.js:99:11
    at done (/Users/yongchao.wu/gitlab/weather_site_mobile/node_modules/react-router/lib/AsyncUtils.js:79:19)
    at /Users/yongchao.wu/gitlab/weather_site_mobile/node_modules/react-router/lib/AsyncUtils.js:85:7
    at getComponentsForRoute (/Users/yongchao.wu/gitlab/weather_site_mobile/node_modules/react-router/lib/getComponents.js:11:5)

2017-03-30 14:37:06.650 server error Error: Given action "LIVEVIEW", reducer "liveview" returned undefined. To ignore an action, you must explicitly return the previous state.
    at combination (/Users/yongchao.wu/gitlab/weather_site_mobile/node_modules/redux/lib/combineReducers.js:135:15)
    at dispatch (/Users/yongchao.wu/gitlab/weather_site_mobile/node_modules/redux/lib/createStore.js:179:22)
    at Object.dispatch (/Users/yongchao.wu/gitlab/weather_site_mobile/node_modules/redux-thunk/lib/index.js:14:16)
    at exports.default (/Users/yongchao.wu/gitlab/weather_site_mobile/lib/query.js:15:19)
    at /Users/yongchao.wu/gitlab/weather_site_mobile/lib/render.jsx:61:17
    at /Users/yongchao.wu/gitlab/weather_site_mobile/node_modules/react-router/lib/match.js:67:5
    at /Users/yongchao.wu/gitlab/weather_site_mobile/node_modules/react-router/lib/createTransitionManager.js:99:11
    at done (/Users/yongchao.wu/gitlab/weather_site_mobile/node_modules/react-router/lib/AsyncUtils.js:79:19)
    at /Users/yongchao.wu/gitlab/weather_site_mobile/node_modules/react-router/lib/AsyncUtils.js:85:7
    at getComponentsForRoute (/Users/yongchao.wu/gitlab/weather_site_mobile/node_modules/react-router/lib/getComponents.js:11:5)

2017-03-30 14:42:54.080 server error TypeError: _WeatherModel2.default.test is not a function
    at _callee$ (/Users/yongchao.wu/gitlab/weather_site_mobile/lib/hum.js:8:42)
    at tryCatch (/Users/yongchao.wu/gitlab/weather_site_mobile/node_modules/regenerator-runtime/runtime.js:64:40)
    at GeneratorFunctionPrototype.invoke [as _invoke] (/Users/yongchao.wu/gitlab/weather_site_mobile/node_modules/regenerator-runtime/runtime.js:299:22)
    at GeneratorFunctionPrototype.prototype.(anonymous function) [as next] (/Users/yongchao.wu/gitlab/weather_site_mobile/node_modules/regenerator-runtime/runtime.js:116:21)
    at step (/Users/yongchao.wu/gitlab/weather_site_mobile/lib/hum.js:13:191)
    at /Users/yongchao.wu/gitlab/weather_site_mobile/lib/hum.js:13:437
    at /Users/yongchao.wu/gitlab/weather_site_mobile/lib/hum.js:13:99
    at /Users/yongchao.wu/gitlab/weather_site_mobile/lib/hum.js:53:21
    at dispatch (/Users/yongchao.wu/gitlab/weather_site_mobile/node_modules/koa-compose/index.js:44:32)
    at next (/Users/yongchao.wu/gitlab/weather_site_mobile/node_modules/koa-compose/index.js:45:18)

2017-03-30 14:43:11.479 server error TypeError: _WeatherModel2.default.test is not a function
    at _callee$ (/Users/yongchao.wu/gitlab/weather_site_mobile/lib/hum.js:8:42)
    at tryCatch (/Users/yongchao.wu/gitlab/weather_site_mobile/node_modules/regenerator-runtime/runtime.js:64:40)
    at GeneratorFunctionPrototype.invoke [as _invoke] (/Users/yongchao.wu/gitlab/weather_site_mobile/node_modules/regenerator-runtime/runtime.js:299:22)
    at GeneratorFunctionPrototype.prototype.(anonymous function) [as next] (/Users/yongchao.wu/gitlab/weather_site_mobile/node_modules/regenerator-runtime/runtime.js:116:21)
    at step (/Users/yongchao.wu/gitlab/weather_site_mobile/lib/hum.js:13:191)
    at /Users/yongchao.wu/gitlab/weather_site_mobile/lib/hum.js:13:437
    at /Users/yongchao.wu/gitlab/weather_site_mobile/lib/hum.js:13:99
    at /Users/yongchao.wu/gitlab/weather_site_mobile/lib/hum.js:53:21
    at dispatch (/Users/yongchao.wu/gitlab/weather_site_mobile/node_modules/koa-compose/index.js:44:32)
    at next (/Users/yongchao.wu/gitlab/weather_site_mobile/node_modules/koa-compose/index.js:45:18)

2017-03-30 14:43:13.031 server error TypeError: _WeatherModel2.default.test is not a function
    at _callee$ (/Users/yongchao.wu/gitlab/weather_site_mobile/lib/hum.js:8:42)
    at tryCatch (/Users/yongchao.wu/gitlab/weather_site_mobile/node_modules/regenerator-runtime/runtime.js:64:40)
    at GeneratorFunctionPrototype.invoke [as _invoke] (/Users/yongchao.wu/gitlab/weather_site_mobile/node_modules/regenerator-runtime/runtime.js:299:22)
    at GeneratorFunctionPrototype.prototype.(anonymous function) [as next] (/Users/yongchao.wu/gitlab/weather_site_mobile/node_modules/regenerator-runtime/runtime.js:116:21)
    at step (/Users/yongchao.wu/gitlab/weather_site_mobile/lib/hum.js:13:191)
    at /Users/yongchao.wu/gitlab/weather_site_mobile/lib/hum.js:13:437
    at /Users/yongchao.wu/gitlab/weather_site_mobile/lib/hum.js:13:99
    at /Users/yongchao.wu/gitlab/weather_site_mobile/lib/hum.js:53:21
    at dispatch (/Users/yongchao.wu/gitlab/weather_site_mobile/node_modules/koa-compose/index.js:44:32)
    at next (/Users/yongchao.wu/gitlab/weather_site_mobile/node_modules/koa-compose/index.js:45:18)

2017-03-30 14:43:13.994 server error TypeError: _WeatherModel2.default.test is not a function
    at _callee$ (/Users/yongchao.wu/gitlab/weather_site_mobile/lib/hum.js:8:42)
    at tryCatch (/Users/yongchao.wu/gitlab/weather_site_mobile/node_modules/regenerator-runtime/runtime.js:64:40)
    at GeneratorFunctionPrototype.invoke [as _invoke] (/Users/yongchao.wu/gitlab/weather_site_mobile/node_modules/regenerator-runtime/runtime.js:299:22)
    at GeneratorFunctionPrototype.prototype.(anonymous function) [as next] (/Users/yongchao.wu/gitlab/weather_site_mobile/node_modules/regenerator-runtime/runtime.js:116:21)
    at step (/Users/yongchao.wu/gitlab/weather_site_mobile/lib/hum.js:13:191)
    at /Users/yongchao.wu/gitlab/weather_site_mobile/lib/hum.js:13:437
    at /Users/yongchao.wu/gitlab/weather_site_mobile/lib/hum.js:13:99
    at /Users/yongchao.wu/gitlab/weather_site_mobile/lib/hum.js:53:21
    at dispatch (/Users/yongchao.wu/gitlab/weather_site_mobile/node_modules/koa-compose/index.js:44:32)
    at next (/Users/yongchao.wu/gitlab/weather_site_mobile/node_modules/koa-compose/index.js:45:18)

2017-03-30 14:43:38.962 server error TypeError: _WeatherModel2.default.test is not a function
    at _callee$ (/Users/yongchao.wu/gitlab/weather_site_mobile/lib/hum.js:8:42)
    at tryCatch (/Users/yongchao.wu/gitlab/weather_site_mobile/node_modules/regenerator-runtime/runtime.js:64:40)
    at GeneratorFunctionPrototype.invoke [as _invoke] (/Users/yongchao.wu/gitlab/weather_site_mobile/node_modules/regenerator-runtime/runtime.js:299:22)
    at GeneratorFunctionPrototype.prototype.(anonymous function) [as next] (/Users/yongchao.wu/gitlab/weather_site_mobile/node_modules/regenerator-runtime/runtime.js:116:21)
    at step (/Users/yongchao.wu/gitlab/weather_site_mobile/lib/hum.js:13:191)
    at /Users/yongchao.wu/gitlab/weather_site_mobile/lib/hum.js:13:437
    at /Users/yongchao.wu/gitlab/weather_site_mobile/lib/hum.js:13:99
    at /Users/yongchao.wu/gitlab/weather_site_mobile/lib/hum.js:53:21
    at dispatch (/Users/yongchao.wu/gitlab/weather_site_mobile/node_modules/koa-compose/index.js:44:32)
    at next (/Users/yongchao.wu/gitlab/weather_site_mobile/node_modules/koa-compose/index.js:45:18)

2017-03-30 14:43:51.993 server error TypeError: _WeatherModel2.default.test is not a function
    at _callee$ (/Users/yongchao.wu/gitlab/weather_site_mobile/lib/hum.js:8:42)
    at tryCatch (/Users/yongchao.wu/gitlab/weather_site_mobile/node_modules/regenerator-runtime/runtime.js:64:40)
    at GeneratorFunctionPrototype.invoke [as _invoke] (/Users/yongchao.wu/gitlab/weather_site_mobile/node_modules/regenerator-runtime/runtime.js:299:22)
    at GeneratorFunctionPrototype.prototype.(anonymous function) [as next] (/Users/yongchao.wu/gitlab/weather_site_mobile/node_modules/regenerator-runtime/runtime.js:116:21)
    at step (/Users/yongchao.wu/gitlab/weather_site_mobile/lib/hum.js:13:191)
    at /Users/yongchao.wu/gitlab/weather_site_mobile/lib/hum.js:13:437
    at /Users/yongchao.wu/gitlab/weather_site_mobile/lib/hum.js:13:99
    at /Users/yongchao.wu/gitlab/weather_site_mobile/lib/hum.js:53:21
    at dispatch (/Users/yongchao.wu/gitlab/weather_site_mobile/node_modules/koa-compose/index.js:44:32)
    at next (/Users/yongchao.wu/gitlab/weather_site_mobile/node_modules/koa-compose/index.js:45:18)

2017-03-30 14:44:08.443 server error TypeError: _WeatherModel2.default.test is not a function
    at _callee$ (/Users/yongchao.wu/gitlab/weather_site_mobile/lib/hum.js:8:42)
    at tryCatch (/Users/yongchao.wu/gitlab/weather_site_mobile/node_modules/regenerator-runtime/runtime.js:64:40)
    at GeneratorFunctionPrototype.invoke [as _invoke] (/Users/yongchao.wu/gitlab/weather_site_mobile/node_modules/regenerator-runtime/runtime.js:299:22)
    at GeneratorFunctionPrototype.prototype.(anonymous function) [as next] (/Users/yongchao.wu/gitlab/weather_site_mobile/node_modules/regenerator-runtime/runtime.js:116:21)
    at step (/Users/yongchao.wu/gitlab/weather_site_mobile/lib/hum.js:13:191)
    at /Users/yongchao.wu/gitlab/weather_site_mobile/lib/hum.js:13:437
    at /Users/yongchao.wu/gitlab/weather_site_mobile/lib/hum.js:13:99
    at /Users/yongchao.wu/gitlab/weather_site_mobile/lib/hum.js:53:21
    at dispatch (/Users/yongchao.wu/gitlab/weather_site_mobile/node_modules/koa-compose/index.js:44:32)
    at next (/Users/yongchao.wu/gitlab/weather_site_mobile/node_modules/koa-compose/index.js:45:18)

2017-03-30 14:44:29.029 server error TypeError: _WeatherModel2.default.test is not a function
    at _callee$ (/Users/yongchao.wu/gitlab/weather_site_mobile/lib/hum.js:8:42)
    at tryCatch (/Users/yongchao.wu/gitlab/weather_site_mobile/node_modules/regenerator-runtime/runtime.js:64:40)
    at GeneratorFunctionPrototype.invoke [as _invoke] (/Users/yongchao.wu/gitlab/weather_site_mobile/node_modules/regenerator-runtime/runtime.js:299:22)
    at GeneratorFunctionPrototype.prototype.(anonymous function) [as next] (/Users/yongchao.wu/gitlab/weather_site_mobile/node_modules/regenerator-runtime/runtime.js:116:21)
    at step (/Users/yongchao.wu/gitlab/weather_site_mobile/lib/hum.js:13:191)
    at /Users/yongchao.wu/gitlab/weather_site_mobile/lib/hum.js:13:437
    at /Users/yongchao.wu/gitlab/weather_site_mobile/lib/hum.js:13:99
    at /Users/yongchao.wu/gitlab/weather_site_mobile/lib/hum.js:53:21
    at dispatch (/Users/yongchao.wu/gitlab/weather_site_mobile/node_modules/koa-compose/index.js:44:32)
    at next (/Users/yongchao.wu/gitlab/weather_site_mobile/node_modules/koa-compose/index.js:45:18)

2017-03-30 14:44:30.308 server error TypeError: _WeatherModel2.default.test is not a function
    at _callee$ (/Users/yongchao.wu/gitlab/weather_site_mobile/lib/hum.js:8:42)
    at tryCatch (/Users/yongchao.wu/gitlab/weather_site_mobile/node_modules/regenerator-runtime/runtime.js:64:40)
    at GeneratorFunctionPrototype.invoke [as _invoke] (/Users/yongchao.wu/gitlab/weather_site_mobile/node_modules/regenerator-runtime/runtime.js:299:22)
    at GeneratorFunctionPrototype.prototype.(anonymous function) [as next] (/Users/yongchao.wu/gitlab/weather_site_mobile/node_modules/regenerator-runtime/runtime.js:116:21)
    at step (/Users/yongchao.wu/gitlab/weather_site_mobile/lib/hum.js:13:191)
    at /Users/yongchao.wu/gitlab/weather_site_mobile/lib/hum.js:13:437
    at /Users/yongchao.wu/gitlab/weather_site_mobile/lib/hum.js:13:99
    at /Users/yongchao.wu/gitlab/weather_site_mobile/lib/hum.js:53:21
    at dispatch (/Users/yongchao.wu/gitlab/weather_site_mobile/node_modules/koa-compose/index.js:44:32)
    at next (/Users/yongchao.wu/gitlab/weather_site_mobile/node_modules/koa-compose/index.js:45:18)

2017-03-30 14:45:00.982 server error Error: Given action "LIVEVIEW", reducer "liveview" returned undefined. To ignore an action, you must explicitly return the previous state.
    at combination (/Users/yongchao.wu/gitlab/weather_site_mobile/node_modules/redux/lib/combineReducers.js:135:15)
    at dispatch (/Users/yongchao.wu/gitlab/weather_site_mobile/node_modules/redux/lib/createStore.js:179:22)
    at Object.dispatch (/Users/yongchao.wu/gitlab/weather_site_mobile/node_modules/redux-thunk/lib/index.js:14:16)
    at exports.default (/Users/yongchao.wu/gitlab/weather_site_mobile/lib/query.js:15:19)
    at /Users/yongchao.wu/gitlab/weather_site_mobile/lib/render.jsx:61:17
    at /Users/yongchao.wu/gitlab/weather_site_mobile/node_modules/react-router/lib/match.js:67:5
    at /Users/yongchao.wu/gitlab/weather_site_mobile/node_modules/react-router/lib/createTransitionManager.js:99:11
    at done (/Users/yongchao.wu/gitlab/weather_site_mobile/node_modules/react-router/lib/AsyncUtils.js:79:19)
    at /Users/yongchao.wu/gitlab/weather_site_mobile/node_modules/react-router/lib/AsyncUtils.js:85:7
    at getComponentsForRoute (/Users/yongchao.wu/gitlab/weather_site_mobile/node_modules/react-router/lib/getComponents.js:11:5)

2017-03-30 14:48:54.309 server error Error: Given action "LIVEVIEW", reducer "liveview" returned undefined. To ignore an action, you must explicitly return the previous state.
    at combination (/Users/yongchao.wu/gitlab/weather_site_mobile/node_modules/redux/lib/combineReducers.js:135:15)
    at dispatch (/Users/yongchao.wu/gitlab/weather_site_mobile/node_modules/redux/lib/createStore.js:179:22)
    at Object.dispatch (/Users/yongchao.wu/gitlab/weather_site_mobile/node_modules/redux-thunk/lib/index.js:14:16)
    at exports.default (/Users/yongchao.wu/gitlab/weather_site_mobile/lib/query.js:15:19)
    at /Users/yongchao.wu/gitlab/weather_site_mobile/lib/render.jsx:61:17
    at /Users/yongchao.wu/gitlab/weather_site_mobile/node_modules/react-router/lib/match.js:67:5
    at /Users/yongchao.wu/gitlab/weather_site_mobile/node_modules/react-router/lib/createTransitionManager.js:99:11
    at done (/Users/yongchao.wu/gitlab/weather_site_mobile/node_modules/react-router/lib/AsyncUtils.js:79:19)
    at /Users/yongchao.wu/gitlab/weather_site_mobile/node_modules/react-router/lib/AsyncUtils.js:85:7
    at getComponentsForRoute (/Users/yongchao.wu/gitlab/weather_site_mobile/node_modules/react-router/lib/getComponents.js:11:5)

2017-03-30 14:52:22.934 server error Error: Given action "LIVEVIEW", reducer "liveview" returned undefined. To ignore an action, you must explicitly return the previous state.
    at combination (/Users/yongchao.wu/gitlab/weather_site_mobile/node_modules/redux/lib/combineReducers.js:135:15)
    at dispatch (/Users/yongchao.wu/gitlab/weather_site_mobile/node_modules/redux/lib/createStore.js:179:22)
    at Object.dispatch (/Users/yongchao.wu/gitlab/weather_site_mobile/node_modules/redux-thunk/lib/index.js:14:16)
    at exports.default (/Users/yongchao.wu/gitlab/weather_site_mobile/lib/query.js:13:19)
    at /Users/yongchao.wu/gitlab/weather_site_mobile/lib/render.jsx:61:17
    at /Users/yongchao.wu/gitlab/weather_site_mobile/node_modules/react-router/lib/match.js:67:5
    at /Users/yongchao.wu/gitlab/weather_site_mobile/node_modules/react-router/lib/createTransitionManager.js:99:11
    at done (/Users/yongchao.wu/gitlab/weather_site_mobile/node_modules/react-router/lib/AsyncUtils.js:79:19)
    at /Users/yongchao.wu/gitlab/weather_site_mobile/node_modules/react-router/lib/AsyncUtils.js:85:7
    at getComponentsForRoute (/Users/yongchao.wu/gitlab/weather_site_mobile/node_modules/react-router/lib/getComponents.js:11:5)

2017-03-30 14:52:24.778 server error Error: Given action "LIVEVIEW", reducer "liveview" returned undefined. To ignore an action, you must explicitly return the previous state.
    at combination (/Users/yongchao.wu/gitlab/weather_site_mobile/node_modules/redux/lib/combineReducers.js:135:15)
    at dispatch (/Users/yongchao.wu/gitlab/weather_site_mobile/node_modules/redux/lib/createStore.js:179:22)
    at Object.dispatch (/Users/yongchao.wu/gitlab/weather_site_mobile/node_modules/redux-thunk/lib/index.js:14:16)
    at exports.default (/Users/yongchao.wu/gitlab/weather_site_mobile/lib/query.js:13:19)
    at /Users/yongchao.wu/gitlab/weather_site_mobile/lib/render.jsx:61:17
    at /Users/yongchao.wu/gitlab/weather_site_mobile/node_modules/react-router/lib/match.js:67:5
    at /Users/yongchao.wu/gitlab/weather_site_mobile/node_modules/react-router/lib/createTransitionManager.js:99:11
    at done (/Users/yongchao.wu/gitlab/weather_site_mobile/node_modules/react-router/lib/AsyncUtils.js:79:19)
    at /Users/yongchao.wu/gitlab/weather_site_mobile/node_modules/react-router/lib/AsyncUtils.js:85:7
    at getComponentsForRoute (/Users/yongchao.wu/gitlab/weather_site_mobile/node_modules/react-router/lib/getComponents.js:11:5)

2017-03-30 14:52:50.768 server error Error: Given action "LIVEVIEW", reducer "liveview" returned undefined. To ignore an action, you must explicitly return the previous state.
    at combination (/Users/yongchao.wu/gitlab/weather_site_mobile/node_modules/redux/lib/combineReducers.js:135:15)
    at dispatch (/Users/yongchao.wu/gitlab/weather_site_mobile/node_modules/redux/lib/createStore.js:179:22)
    at Object.dispatch (/Users/yongchao.wu/gitlab/weather_site_mobile/node_modules/redux-thunk/lib/index.js:14:16)
    at exports.default (/Users/yongchao.wu/gitlab/weather_site_mobile/lib/query.js:15:19)
    at /Users/yongchao.wu/gitlab/weather_site_mobile/lib/render.jsx:61:17
    at /Users/yongchao.wu/gitlab/weather_site_mobile/node_modules/react-router/lib/match.js:67:5
    at /Users/yongchao.wu/gitlab/weather_site_mobile/node_modules/react-router/lib/createTransitionManager.js:99:11
    at done (/Users/yongchao.wu/gitlab/weather_site_mobile/node_modules/react-router/lib/AsyncUtils.js:79:19)
    at /Users/yongchao.wu/gitlab/weather_site_mobile/node_modules/react-router/lib/AsyncUtils.js:85:7
    at getComponentsForRoute (/Users/yongchao.wu/gitlab/weather_site_mobile/node_modules/react-router/lib/getComponents.js:11:5)

2017-03-30 14:52:53.629 server error Error: Given action "LIVEVIEW", reducer "liveview" returned undefined. To ignore an action, you must explicitly return the previous state.
    at combination (/Users/yongchao.wu/gitlab/weather_site_mobile/node_modules/redux/lib/combineReducers.js:135:15)
    at dispatch (/Users/yongchao.wu/gitlab/weather_site_mobile/node_modules/redux/lib/createStore.js:179:22)
    at Object.dispatch (/Users/yongchao.wu/gitlab/weather_site_mobile/node_modules/redux-thunk/lib/index.js:14:16)
    at exports.default (/Users/yongchao.wu/gitlab/weather_site_mobile/lib/query.js:15:19)
    at /Users/yongchao.wu/gitlab/weather_site_mobile/lib/render.jsx:61:17
    at /Users/yongchao.wu/gitlab/weather_site_mobile/node_modules/react-router/lib/match.js:67:5
    at /Users/yongchao.wu/gitlab/weather_site_mobile/node_modules/react-router/lib/createTransitionManager.js:99:11
    at done (/Users/yongchao.wu/gitlab/weather_site_mobile/node_modules/react-router/lib/AsyncUtils.js:79:19)
    at /Users/yongchao.wu/gitlab/weather_site_mobile/node_modules/react-router/lib/AsyncUtils.js:85:7
    at getComponentsForRoute (/Users/yongchao.wu/gitlab/weather_site_mobile/node_modules/react-router/lib/getComponents.js:11:5)

2017-03-30 14:53:10.391 server error Error: Given action "LIVEVIEW", reducer "liveview" returned undefined. To ignore an action, you must explicitly return the previous state.
    at combination (/Users/yongchao.wu/gitlab/weather_site_mobile/node_modules/redux/lib/combineReducers.js:135:15)
    at dispatch (/Users/yongchao.wu/gitlab/weather_site_mobile/node_modules/redux/lib/createStore.js:179:22)
    at Object.dispatch (/Users/yongchao.wu/gitlab/weather_site_mobile/node_modules/redux-thunk/lib/index.js:14:16)
    at exports.default (/Users/yongchao.wu/gitlab/weather_site_mobile/lib/query.js:14:19)
    at /Users/yongchao.wu/gitlab/weather_site_mobile/lib/render.jsx:61:17
    at /Users/yongchao.wu/gitlab/weather_site_mobile/node_modules/react-router/lib/match.js:67:5
    at /Users/yongchao.wu/gitlab/weather_site_mobile/node_modules/react-router/lib/createTransitionManager.js:99:11
    at done (/Users/yongchao.wu/gitlab/weather_site_mobile/node_modules/react-router/lib/AsyncUtils.js:79:19)
    at /Users/yongchao.wu/gitlab/weather_site_mobile/node_modules/react-router/lib/AsyncUtils.js:85:7
    at getComponentsForRoute (/Users/yongchao.wu/gitlab/weather_site_mobile/node_modules/react-router/lib/getComponents.js:11:5)

2017-03-30 14:54:34.710 server error Error: Given action "LIVEVIEW", reducer "liveview" returned undefined. To ignore an action, you must explicitly return the previous state.
    at combination (/Users/yongchao.wu/gitlab/weather_site_mobile/node_modules/redux/lib/combineReducers.js:135:15)
    at dispatch (/Users/yongchao.wu/gitlab/weather_site_mobile/node_modules/redux/lib/createStore.js:179:22)
    at Object.dispatch (/Users/yongchao.wu/gitlab/weather_site_mobile/node_modules/redux-thunk/lib/index.js:14:16)
    at exports.default (/Users/yongchao.wu/gitlab/weather_site_mobile/lib/query.js:14:19)
    at /Users/yongchao.wu/gitlab/weather_site_mobile/lib/render.jsx:61:17
    at /Users/yongchao.wu/gitlab/weather_site_mobile/node_modules/react-router/lib/match.js:67:5
    at /Users/yongchao.wu/gitlab/weather_site_mobile/node_modules/react-router/lib/createTransitionManager.js:99:11
    at done (/Users/yongchao.wu/gitlab/weather_site_mobile/node_modules/react-router/lib/AsyncUtils.js:79:19)
    at /Users/yongchao.wu/gitlab/weather_site_mobile/node_modules/react-router/lib/AsyncUtils.js:85:7
    at getComponentsForRoute (/Users/yongchao.wu/gitlab/weather_site_mobile/node_modules/react-router/lib/getComponents.js:11:5)

2017-03-30 14:57:44.349 server error Error: Given action "LIVEVIEW", reducer "liveview" returned undefined. To ignore an action, you must explicitly return the previous state.
    at combination (/Users/yongchao.wu/gitlab/weather_site_mobile/node_modules/redux/lib/combineReducers.js:135:15)
    at dispatch (/Users/yongchao.wu/gitlab/weather_site_mobile/node_modules/redux/lib/createStore.js:179:22)
    at Object.dispatch (/Users/yongchao.wu/gitlab/weather_site_mobile/node_modules/redux-thunk/lib/index.js:14:16)
    at exports.default (/Users/yongchao.wu/gitlab/weather_site_mobile/lib/query.js:14:19)
    at /Users/yongchao.wu/gitlab/weather_site_mobile/lib/render.jsx:61:17
    at /Users/yongchao.wu/gitlab/weather_site_mobile/node_modules/react-router/lib/match.js:67:5
    at /Users/yongchao.wu/gitlab/weather_site_mobile/node_modules/react-router/lib/createTransitionManager.js:99:11
    at done (/Users/yongchao.wu/gitlab/weather_site_mobile/node_modules/react-router/lib/AsyncUtils.js:79:19)
    at /Users/yongchao.wu/gitlab/weather_site_mobile/node_modules/react-router/lib/AsyncUtils.js:85:7
    at getComponentsForRoute (/Users/yongchao.wu/gitlab/weather_site_mobile/node_modules/react-router/lib/getComponents.js:11:5)

2017-03-30 14:58:42.853 server error Error: Given action "LIVEVIEW", reducer "liveview" returned undefined. To ignore an action, you must explicitly return the previous state.
    at combination (/Users/yongchao.wu/gitlab/weather_site_mobile/node_modules/redux/lib/combineReducers.js:135:15)
    at dispatch (/Users/yongchao.wu/gitlab/weather_site_mobile/node_modules/redux/lib/createStore.js:179:22)
    at Object.dispatch (/Users/yongchao.wu/gitlab/weather_site_mobile/node_modules/redux-thunk/lib/index.js:14:16)
    at exports.default (/Users/yongchao.wu/gitlab/weather_site_mobile/lib/query.js:14:19)
    at /Users/yongchao.wu/gitlab/weather_site_mobile/lib/render.jsx:61:17
    at /Users/yongchao.wu/gitlab/weather_site_mobile/node_modules/react-router/lib/match.js:67:5
    at /Users/yongchao.wu/gitlab/weather_site_mobile/node_modules/react-router/lib/createTransitionManager.js:99:11
    at done (/Users/yongchao.wu/gitlab/weather_site_mobile/node_modules/react-router/lib/AsyncUtils.js:79:19)
    at /Users/yongchao.wu/gitlab/weather_site_mobile/node_modules/react-router/lib/AsyncUtils.js:85:7
    at getComponentsForRoute (/Users/yongchao.wu/gitlab/weather_site_mobile/node_modules/react-router/lib/getComponents.js:11:5)

2017-03-30 14:59:28.160 server error Error: Given action "LIVEVIEW", reducer "liveview" returned undefined. To ignore an action, you must explicitly return the previous state.
    at combination (/Users/yongchao.wu/gitlab/weather_site_mobile/node_modules/redux/lib/combineReducers.js:135:15)
    at dispatch (/Users/yongchao.wu/gitlab/weather_site_mobile/node_modules/redux/lib/createStore.js:179:22)
    at Object.dispatch (/Users/yongchao.wu/gitlab/weather_site_mobile/node_modules/redux-thunk/lib/index.js:14:16)
    at exports.default (/Users/yongchao.wu/gitlab/weather_site_mobile/lib/query.js:14:19)
    at /Users/yongchao.wu/gitlab/weather_site_mobile/lib/render.jsx:61:17
    at /Users/yongchao.wu/gitlab/weather_site_mobile/node_modules/react-router/lib/match.js:67:5
    at /Users/yongchao.wu/gitlab/weather_site_mobile/node_modules/react-router/lib/createTransitionManager.js:99:11
    at done (/Users/yongchao.wu/gitlab/weather_site_mobile/node_modules/react-router/lib/AsyncUtils.js:79:19)
    at /Users/yongchao.wu/gitlab/weather_site_mobile/node_modules/react-router/lib/AsyncUtils.js:85:7
    at getComponentsForRoute (/Users/yongchao.wu/gitlab/weather_site_mobile/node_modules/react-router/lib/getComponents.js:11:5)

2017-03-30 14:59:30.453 server error Error: Given action "LIVEVIEW", reducer "liveview" returned undefined. To ignore an action, you must explicitly return the previous state.
    at combination (/Users/yongchao.wu/gitlab/weather_site_mobile/node_modules/redux/lib/combineReducers.js:135:15)
    at dispatch (/Users/yongchao.wu/gitlab/weather_site_mobile/node_modules/redux/lib/createStore.js:179:22)
    at Object.dispatch (/Users/yongchao.wu/gitlab/weather_site_mobile/node_modules/redux-thunk/lib/index.js:14:16)
    at exports.default (/Users/yongchao.wu/gitlab/weather_site_mobile/lib/query.js:14:19)
    at /Users/yongchao.wu/gitlab/weather_site_mobile/lib/render.jsx:61:17
    at /Users/yongchao.wu/gitlab/weather_site_mobile/node_modules/react-router/lib/match.js:67:5
    at /Users/yongchao.wu/gitlab/weather_site_mobile/node_modules/react-router/lib/createTransitionManager.js:99:11
    at done (/Users/yongchao.wu/gitlab/weather_site_mobile/node_modules/react-router/lib/AsyncUtils.js:79:19)
    at /Users/yongchao.wu/gitlab/weather_site_mobile/node_modules/react-router/lib/AsyncUtils.js:85:7
    at getComponentsForRoute (/Users/yongchao.wu/gitlab/weather_site_mobile/node_modules/react-router/lib/getComponents.js:11:5)

2017-03-30 14:59:32.798 server error Error: Given action "LIVEVIEW", reducer "liveview" returned undefined. To ignore an action, you must explicitly return the previous state.
    at combination (/Users/yongchao.wu/gitlab/weather_site_mobile/node_modules/redux/lib/combineReducers.js:135:15)
    at dispatch (/Users/yongchao.wu/gitlab/weather_site_mobile/node_modules/redux/lib/createStore.js:179:22)
    at Object.dispatch (/Users/yongchao.wu/gitlab/weather_site_mobile/node_modules/redux-thunk/lib/index.js:14:16)
    at exports.default (/Users/yongchao.wu/gitlab/weather_site_mobile/lib/query.js:14:19)
    at /Users/yongchao.wu/gitlab/weather_site_mobile/lib/render.jsx:61:17
    at /Users/yongchao.wu/gitlab/weather_site_mobile/node_modules/react-router/lib/match.js:67:5
    at /Users/yongchao.wu/gitlab/weather_site_mobile/node_modules/react-router/lib/createTransitionManager.js:99:11
    at done (/Users/yongchao.wu/gitlab/weather_site_mobile/node_modules/react-router/lib/AsyncUtils.js:79:19)
    at /Users/yongchao.wu/gitlab/weather_site_mobile/node_modules/react-router/lib/AsyncUtils.js:85:7
    at getComponentsForRoute (/Users/yongchao.wu/gitlab/weather_site_mobile/node_modules/react-router/lib/getComponents.js:11:5)

2017-03-30 14:59:43.971 server error Error: Given action "LIVEVIEW", reducer "liveview" returned undefined. To ignore an action, you must explicitly return the previous state.
    at combination (/Users/yongchao.wu/gitlab/weather_site_mobile/node_modules/redux/lib/combineReducers.js:135:15)
    at dispatch (/Users/yongchao.wu/gitlab/weather_site_mobile/node_modules/redux/lib/createStore.js:179:22)
    at Object.dispatch (/Users/yongchao.wu/gitlab/weather_site_mobile/node_modules/redux-thunk/lib/index.js:14:16)
    at exports.default (/Users/yongchao.wu/gitlab/weather_site_mobile/lib/query.js:14:19)
    at /Users/yongchao.wu/gitlab/weather_site_mobile/lib/render.jsx:61:17
    at /Users/yongchao.wu/gitlab/weather_site_mobile/node_modules/react-router/lib/match.js:67:5
    at /Users/yongchao.wu/gitlab/weather_site_mobile/node_modules/react-router/lib/createTransitionManager.js:99:11
    at done (/Users/yongchao.wu/gitlab/weather_site_mobile/node_modules/react-router/lib/AsyncUtils.js:79:19)
    at /Users/yongchao.wu/gitlab/weather_site_mobile/node_modules/react-router/lib/AsyncUtils.js:85:7
    at getComponentsForRoute (/Users/yongchao.wu/gitlab/weather_site_mobile/node_modules/react-router/lib/getComponents.js:11:5)

2017-03-30 14:59:45.852 server error Error: Given action "LIVEVIEW", reducer "liveview" returned undefined. To ignore an action, you must explicitly return the previous state.
    at combination (/Users/yongchao.wu/gitlab/weather_site_mobile/node_modules/redux/lib/combineReducers.js:135:15)
    at dispatch (/Users/yongchao.wu/gitlab/weather_site_mobile/node_modules/redux/lib/createStore.js:179:22)
    at Object.dispatch (/Users/yongchao.wu/gitlab/weather_site_mobile/node_modules/redux-thunk/lib/index.js:14:16)
    at exports.default (/Users/yongchao.wu/gitlab/weather_site_mobile/lib/query.js:14:19)
    at /Users/yongchao.wu/gitlab/weather_site_mobile/lib/render.jsx:61:17
    at /Users/yongchao.wu/gitlab/weather_site_mobile/node_modules/react-router/lib/match.js:67:5
    at /Users/yongchao.wu/gitlab/weather_site_mobile/node_modules/react-router/lib/createTransitionManager.js:99:11
    at done (/Users/yongchao.wu/gitlab/weather_site_mobile/node_modules/react-router/lib/AsyncUtils.js:79:19)
    at /Users/yongchao.wu/gitlab/weather_site_mobile/node_modules/react-router/lib/AsyncUtils.js:85:7
    at getComponentsForRoute (/Users/yongchao.wu/gitlab/weather_site_mobile/node_modules/react-router/lib/getComponents.js:11:5)

2017-03-30 15:00:06.897 server error Error: Given action "LIVEVIEW", reducer "liveview" returned undefined. To ignore an action, you must explicitly return the previous state.
    at combination (/Users/yongchao.wu/gitlab/weather_site_mobile/node_modules/redux/lib/combineReducers.js:135:15)
    at dispatch (/Users/yongchao.wu/gitlab/weather_site_mobile/node_modules/redux/lib/createStore.js:179:22)
    at Object.dispatch (/Users/yongchao.wu/gitlab/weather_site_mobile/node_modules/redux-thunk/lib/index.js:14:16)
    at exports.default (/Users/yongchao.wu/gitlab/weather_site_mobile/lib/query.js:14:19)
    at /Users/yongchao.wu/gitlab/weather_site_mobile/lib/render.jsx:61:17
    at /Users/yongchao.wu/gitlab/weather_site_mobile/node_modules/react-router/lib/match.js:67:5
    at /Users/yongchao.wu/gitlab/weather_site_mobile/node_modules/react-router/lib/createTransitionManager.js:99:11
    at done (/Users/yongchao.wu/gitlab/weather_site_mobile/node_modules/react-router/lib/AsyncUtils.js:79:19)
    at /Users/yongchao.wu/gitlab/weather_site_mobile/node_modules/react-router/lib/AsyncUtils.js:85:7
    at getComponentsForRoute (/Users/yongchao.wu/gitlab/weather_site_mobile/node_modules/react-router/lib/getComponents.js:11:5)

2017-03-30 15:00:56.979 server error Error: Given action "LIVEVIEW", reducer "liveview" returned undefined. To ignore an action, you must explicitly return the previous state.
    at combination (/Users/yongchao.wu/gitlab/weather_site_mobile/node_modules/redux/lib/combineReducers.js:135:15)
    at dispatch (/Users/yongchao.wu/gitlab/weather_site_mobile/node_modules/redux/lib/createStore.js:179:22)
    at Object.dispatch (/Users/yongchao.wu/gitlab/weather_site_mobile/node_modules/redux-thunk/lib/index.js:14:16)
    at exports.default (/Users/yongchao.wu/gitlab/weather_site_mobile/lib/query.js:14:19)
    at /Users/yongchao.wu/gitlab/weather_site_mobile/lib/render.jsx:61:17
    at /Users/yongchao.wu/gitlab/weather_site_mobile/node_modules/react-router/lib/match.js:67:5
    at /Users/yongchao.wu/gitlab/weather_site_mobile/node_modules/react-router/lib/createTransitionManager.js:99:11
    at done (/Users/yongchao.wu/gitlab/weather_site_mobile/node_modules/react-router/lib/AsyncUtils.js:79:19)
    at /Users/yongchao.wu/gitlab/weather_site_mobile/node_modules/react-router/lib/AsyncUtils.js:85:7
    at getComponentsForRoute (/Users/yongchao.wu/gitlab/weather_site_mobile/node_modules/react-router/lib/getComponents.js:11:5)

2017-03-30 15:01:25.170 server error Error: Given action "LIVEVIEW", reducer "liveview" returned undefined. To ignore an action, you must explicitly return the previous state.
    at combination (/Users/yongchao.wu/gitlab/weather_site_mobile/node_modules/redux/lib/combineReducers.js:135:15)
    at dispatch (/Users/yongchao.wu/gitlab/weather_site_mobile/node_modules/redux/lib/createStore.js:179:22)
    at Object.dispatch (/Users/yongchao.wu/gitlab/weather_site_mobile/node_modules/redux-thunk/lib/index.js:14:16)
    at exports.default (/Users/yongchao.wu/gitlab/weather_site_mobile/lib/query.js:14:19)
    at /Users/yongchao.wu/gitlab/weather_site_mobile/lib/render.jsx:61:17
    at /Users/yongchao.wu/gitlab/weather_site_mobile/node_modules/react-router/lib/match.js:67:5
    at /Users/yongchao.wu/gitlab/weather_site_mobile/node_modules/react-router/lib/createTransitionManager.js:99:11
    at done (/Users/yongchao.wu/gitlab/weather_site_mobile/node_modules/react-router/lib/AsyncUtils.js:79:19)
    at /Users/yongchao.wu/gitlab/weather_site_mobile/node_modules/react-router/lib/AsyncUtils.js:85:7
    at getComponentsForRoute (/Users/yongchao.wu/gitlab/weather_site_mobile/node_modules/react-router/lib/getComponents.js:11:5)

2017-03-30 15:03:37.510 server error Error: Given action "LIVEVIEW", reducer "liveview" returned undefined. To ignore an action, you must explicitly return the previous state.
    at combination (/Users/yongchao.wu/gitlab/weather_site_mobile/node_modules/redux/lib/combineReducers.js:135:15)
    at dispatch (/Users/yongchao.wu/gitlab/weather_site_mobile/node_modules/redux/lib/createStore.js:179:22)
    at Object.dispatch (/Users/yongchao.wu/gitlab/weather_site_mobile/node_modules/redux-thunk/lib/index.js:14:16)
    at exports.default (/Users/yongchao.wu/gitlab/weather_site_mobile/lib/query.js:13:19)
    at /Users/yongchao.wu/gitlab/weather_site_mobile/lib/render.jsx:61:17
    at /Users/yongchao.wu/gitlab/weather_site_mobile/node_modules/react-router/lib/match.js:67:5
    at /Users/yongchao.wu/gitlab/weather_site_mobile/node_modules/react-router/lib/createTransitionManager.js:99:11
    at done (/Users/yongchao.wu/gitlab/weather_site_mobile/node_modules/react-router/lib/AsyncUtils.js:79:19)
    at /Users/yongchao.wu/gitlab/weather_site_mobile/node_modules/react-router/lib/AsyncUtils.js:85:7
    at getComponentsForRoute (/Users/yongchao.wu/gitlab/weather_site_mobile/node_modules/react-router/lib/getComponents.js:11:5)

2017-03-30 15:03:38.988 server error Error: Given action "LIVEVIEW", reducer "liveview" returned undefined. To ignore an action, you must explicitly return the previous state.
    at combination (/Users/yongchao.wu/gitlab/weather_site_mobile/node_modules/redux/lib/combineReducers.js:135:15)
    at dispatch (/Users/yongchao.wu/gitlab/weather_site_mobile/node_modules/redux/lib/createStore.js:179:22)
    at Object.dispatch (/Users/yongchao.wu/gitlab/weather_site_mobile/node_modules/redux-thunk/lib/index.js:14:16)
    at exports.default (/Users/yongchao.wu/gitlab/weather_site_mobile/lib/query.js:13:19)
    at /Users/yongchao.wu/gitlab/weather_site_mobile/lib/render.jsx:61:17
    at /Users/yongchao.wu/gitlab/weather_site_mobile/node_modules/react-router/lib/match.js:67:5
    at /Users/yongchao.wu/gitlab/weather_site_mobile/node_modules/react-router/lib/createTransitionManager.js:99:11
    at done (/Users/yongchao.wu/gitlab/weather_site_mobile/node_modules/react-router/lib/AsyncUtils.js:79:19)
    at /Users/yongchao.wu/gitlab/weather_site_mobile/node_modules/react-router/lib/AsyncUtils.js:85:7
    at getComponentsForRoute (/Users/yongchao.wu/gitlab/weather_site_mobile/node_modules/react-router/lib/getComponents.js:11:5)

2017-03-30 15:04:03.193 server error Error: Given action "LIVEVIEW", reducer "liveview" returned undefined. To ignore an action, you must explicitly return the previous state.
    at combination (/Users/yongchao.wu/gitlab/weather_site_mobile/node_modules/redux/lib/combineReducers.js:135:15)
    at dispatch (/Users/yongchao.wu/gitlab/weather_site_mobile/node_modules/redux/lib/createStore.js:179:22)
    at Object.dispatch (/Users/yongchao.wu/gitlab/weather_site_mobile/node_modules/redux-thunk/lib/index.js:14:16)
    at exports.default (/Users/yongchao.wu/gitlab/weather_site_mobile/lib/query.js:13:19)
    at /Users/yongchao.wu/gitlab/weather_site_mobile/lib/render.jsx:61:17
    at /Users/yongchao.wu/gitlab/weather_site_mobile/node_modules/react-router/lib/match.js:67:5
    at /Users/yongchao.wu/gitlab/weather_site_mobile/node_modules/react-router/lib/createTransitionManager.js:99:11
    at done (/Users/yongchao.wu/gitlab/weather_site_mobile/node_modules/react-router/lib/AsyncUtils.js:79:19)
    at /Users/yongchao.wu/gitlab/weather_site_mobile/node_modules/react-router/lib/AsyncUtils.js:85:7
    at getComponentsForRoute (/Users/yongchao.wu/gitlab/weather_site_mobile/node_modules/react-router/lib/getComponents.js:11:5)

2017-03-30 15:04:05.000 server error Error: Given action "LIVEVIEW", reducer "liveview" returned undefined. To ignore an action, you must explicitly return the previous state.
    at combination (/Users/yongchao.wu/gitlab/weather_site_mobile/node_modules/redux/lib/combineReducers.js:135:15)
    at dispatch (/Users/yongchao.wu/gitlab/weather_site_mobile/node_modules/redux/lib/createStore.js:179:22)
    at Object.dispatch (/Users/yongchao.wu/gitlab/weather_site_mobile/node_modules/redux-thunk/lib/index.js:14:16)
    at exports.default (/Users/yongchao.wu/gitlab/weather_site_mobile/lib/query.js:13:19)
    at /Users/yongchao.wu/gitlab/weather_site_mobile/lib/render.jsx:61:17
    at /Users/yongchao.wu/gitlab/weather_site_mobile/node_modules/react-router/lib/match.js:67:5
    at /Users/yongchao.wu/gitlab/weather_site_mobile/node_modules/react-router/lib/createTransitionManager.js:99:11
    at done (/Users/yongchao.wu/gitlab/weather_site_mobile/node_modules/react-router/lib/AsyncUtils.js:79:19)
    at /Users/yongchao.wu/gitlab/weather_site_mobile/node_modules/react-router/lib/AsyncUtils.js:85:7
    at getComponentsForRoute (/Users/yongchao.wu/gitlab/weather_site_mobile/node_modules/react-router/lib/getComponents.js:11:5)

2017-03-30 15:04:56.102 server error Error: Given action "LIVEVIEW", reducer "liveview" returned undefined. To ignore an action, you must explicitly return the previous state.
    at combination (/Users/yongchao.wu/gitlab/weather_site_mobile/node_modules/redux/lib/combineReducers.js:135:15)
    at dispatch (/Users/yongchao.wu/gitlab/weather_site_mobile/node_modules/redux/lib/createStore.js:179:22)
    at Object.dispatch (/Users/yongchao.wu/gitlab/weather_site_mobile/node_modules/redux-thunk/lib/index.js:14:16)
    at exports.default (/Users/yongchao.wu/gitlab/weather_site_mobile/lib/query.js:13:19)
    at /Users/yongchao.wu/gitlab/weather_site_mobile/lib/render.jsx:61:17
    at /Users/yongchao.wu/gitlab/weather_site_mobile/node_modules/react-router/lib/match.js:67:5
    at /Users/yongchao.wu/gitlab/weather_site_mobile/node_modules/react-router/lib/createTransitionManager.js:99:11
    at done (/Users/yongchao.wu/gitlab/weather_site_mobile/node_modules/react-router/lib/AsyncUtils.js:79:19)
    at /Users/yongchao.wu/gitlab/weather_site_mobile/node_modules/react-router/lib/AsyncUtils.js:85:7
    at getComponentsForRoute (/Users/yongchao.wu/gitlab/weather_site_mobile/node_modules/react-router/lib/getComponents.js:11:5)

2017-03-30 15:13:24.172 server error Error: Given action "LIVEVIEW", reducer "liveview" returned undefined. To ignore an action, you must explicitly return the previous state.
    at combination (/Users/yongchao.wu/gitlab/weather_site_mobile/node_modules/redux/lib/combineReducers.js:135:15)
    at dispatch (/Users/yongchao.wu/gitlab/weather_site_mobile/node_modules/redux/lib/createStore.js:179:22)
    at Object.dispatch (/Users/yongchao.wu/gitlab/weather_site_mobile/node_modules/redux-thunk/lib/index.js:14:16)
    at exports.default (/Users/yongchao.wu/gitlab/weather_site_mobile/lib/query.js:13:19)
    at /Users/yongchao.wu/gitlab/weather_site_mobile/lib/render.jsx:61:17
    at /Users/yongchao.wu/gitlab/weather_site_mobile/node_modules/react-router/lib/match.js:67:5
    at /Users/yongchao.wu/gitlab/weather_site_mobile/node_modules/react-router/lib/createTransitionManager.js:99:11
    at done (/Users/yongchao.wu/gitlab/weather_site_mobile/node_modules/react-router/lib/AsyncUtils.js:79:19)
    at /Users/yongchao.wu/gitlab/weather_site_mobile/node_modules/react-router/lib/AsyncUtils.js:85:7
    at getComponentsForRoute (/Users/yongchao.wu/gitlab/weather_site_mobile/node_modules/react-router/lib/getComponents.js:11:5)

2017-03-30 15:36:17.901 server error Error: Given action "LIVEVIEW", reducer "liveview" returned undefined. To ignore an action, you must explicitly return the previous state.
    at combination (/Users/yongchao.wu/gitlab/weather_site_mobile/node_modules/redux/lib/combineReducers.js:135:15)
    at dispatch (/Users/yongchao.wu/gitlab/weather_site_mobile/node_modules/redux/lib/createStore.js:179:22)
    at Object.dispatch (/Users/yongchao.wu/gitlab/weather_site_mobile/node_modules/redux-thunk/lib/index.js:14:16)
    at exports.default (/Users/yongchao.wu/gitlab/weather_site_mobile/lib/query.js:13:19)
    at /Users/yongchao.wu/gitlab/weather_site_mobile/lib/render.jsx:61:17
    at /Users/yongchao.wu/gitlab/weather_site_mobile/node_modules/react-router/lib/match.js:67:5
    at /Users/yongchao.wu/gitlab/weather_site_mobile/node_modules/react-router/lib/createTransitionManager.js:99:11
    at done (/Users/yongchao.wu/gitlab/weather_site_mobile/node_modules/react-router/lib/AsyncUtils.js:79:19)
    at /Users/yongchao.wu/gitlab/weather_site_mobile/node_modules/react-router/lib/AsyncUtils.js:85:7
    at getComponentsForRoute (/Users/yongchao.wu/gitlab/weather_site_mobile/node_modules/react-router/lib/getComponents.js:11:5)

2017-03-30 15:36:41.320 server error Error: Given action "LIVEVIEW", reducer "liveview" returned undefined. To ignore an action, you must explicitly return the previous state.
    at combination (/Users/yongchao.wu/gitlab/weather_site_mobile/node_modules/redux/lib/combineReducers.js:135:15)
    at dispatch (/Users/yongchao.wu/gitlab/weather_site_mobile/node_modules/redux/lib/createStore.js:179:22)
    at Object.dispatch (/Users/yongchao.wu/gitlab/weather_site_mobile/node_modules/redux-thunk/lib/index.js:14:16)
    at exports.default (/Users/yongchao.wu/gitlab/weather_site_mobile/lib/query.js:13:19)
    at /Users/yongchao.wu/gitlab/weather_site_mobile/lib/render.jsx:61:17
    at /Users/yongchao.wu/gitlab/weather_site_mobile/node_modules/react-router/lib/match.js:67:5
    at /Users/yongchao.wu/gitlab/weather_site_mobile/node_modules/react-router/lib/createTransitionManager.js:99:11
    at done (/Users/yongchao.wu/gitlab/weather_site_mobile/node_modules/react-router/lib/AsyncUtils.js:79:19)
    at /Users/yongchao.wu/gitlab/weather_site_mobile/node_modules/react-router/lib/AsyncUtils.js:85:7
    at getComponentsForRoute (/Users/yongchao.wu/gitlab/weather_site_mobile/node_modules/react-router/lib/getComponents.js:11:5)

2017-03-30 15:36:42.964 server error Error: Given action "LIVEVIEW", reducer "liveview" returned undefined. To ignore an action, you must explicitly return the previous state.
    at combination (/Users/yongchao.wu/gitlab/weather_site_mobile/node_modules/redux/lib/combineReducers.js:135:15)
    at dispatch (/Users/yongchao.wu/gitlab/weather_site_mobile/node_modules/redux/lib/createStore.js:179:22)
    at Object.dispatch (/Users/yongchao.wu/gitlab/weather_site_mobile/node_modules/redux-thunk/lib/index.js:14:16)
    at exports.default (/Users/yongchao.wu/gitlab/weather_site_mobile/lib/query.js:13:19)
    at /Users/yongchao.wu/gitlab/weather_site_mobile/lib/render.jsx:61:17
    at /Users/yongchao.wu/gitlab/weather_site_mobile/node_modules/react-router/lib/match.js:67:5
    at /Users/yongchao.wu/gitlab/weather_site_mobile/node_modules/react-router/lib/createTransitionManager.js:99:11
    at done (/Users/yongchao.wu/gitlab/weather_site_mobile/node_modules/react-router/lib/AsyncUtils.js:79:19)
    at /Users/yongchao.wu/gitlab/weather_site_mobile/node_modules/react-router/lib/AsyncUtils.js:85:7
    at getComponentsForRoute (/Users/yongchao.wu/gitlab/weather_site_mobile/node_modules/react-router/lib/getComponents.js:11:5)

2017-03-30 15:36:44.737 server error Error: Given action "LIVEVIEW", reducer "liveview" returned undefined. To ignore an action, you must explicitly return the previous state.
    at combination (/Users/yongchao.wu/gitlab/weather_site_mobile/node_modules/redux/lib/combineReducers.js:135:15)
    at dispatch (/Users/yongchao.wu/gitlab/weather_site_mobile/node_modules/redux/lib/createStore.js:179:22)
    at Object.dispatch (/Users/yongchao.wu/gitlab/weather_site_mobile/node_modules/redux-thunk/lib/index.js:14:16)
    at exports.default (/Users/yongchao.wu/gitlab/weather_site_mobile/lib/query.js:13:19)
    at /Users/yongchao.wu/gitlab/weather_site_mobile/lib/render.jsx:61:17
    at /Users/yongchao.wu/gitlab/weather_site_mobile/node_modules/react-router/lib/match.js:67:5
    at /Users/yongchao.wu/gitlab/weather_site_mobile/node_modules/react-router/lib/createTransitionManager.js:99:11
    at done (/Users/yongchao.wu/gitlab/weather_site_mobile/node_modules/react-router/lib/AsyncUtils.js:79:19)
    at /Users/yongchao.wu/gitlab/weather_site_mobile/node_modules/react-router/lib/AsyncUtils.js:85:7
    at getComponentsForRoute (/Users/yongchao.wu/gitlab/weather_site_mobile/node_modules/react-router/lib/getComponents.js:11:5)

2017-03-30 15:38:01.625 server error Error: Given action "LIVEVIEW", reducer "liveview" returned undefined. To ignore an action, you must explicitly return the previous state.
    at combination (/Users/yongchao.wu/gitlab/weather_site_mobile/node_modules/redux/lib/combineReducers.js:135:15)
    at dispatch (/Users/yongchao.wu/gitlab/weather_site_mobile/node_modules/redux/lib/createStore.js:179:22)
    at Object.dispatch (/Users/yongchao.wu/gitlab/weather_site_mobile/node_modules/redux-thunk/lib/index.js:14:16)
    at exports.default (/Users/yongchao.wu/gitlab/weather_site_mobile/lib/query.js:14:19)
    at /Users/yongchao.wu/gitlab/weather_site_mobile/lib/render.jsx:61:17
    at /Users/yongchao.wu/gitlab/weather_site_mobile/node_modules/react-router/lib/match.js:67:5
    at /Users/yongchao.wu/gitlab/weather_site_mobile/node_modules/react-router/lib/createTransitionManager.js:99:11
    at done (/Users/yongchao.wu/gitlab/weather_site_mobile/node_modules/react-router/lib/AsyncUtils.js:79:19)
    at /Users/yongchao.wu/gitlab/weather_site_mobile/node_modules/react-router/lib/AsyncUtils.js:85:7
    at getComponentsForRoute (/Users/yongchao.wu/gitlab/weather_site_mobile/node_modules/react-router/lib/getComponents.js:11:5)

2017-03-30 15:38:37.095 server error Error: Given action "LIVEVIEW", reducer "liveview" returned undefined. To ignore an action, you must explicitly return the previous state.
    at combination (/Users/yongchao.wu/gitlab/weather_site_mobile/node_modules/redux/lib/combineReducers.js:135:15)
    at dispatch (/Users/yongchao.wu/gitlab/weather_site_mobile/node_modules/redux/lib/createStore.js:179:22)
    at Object.dispatch (/Users/yongchao.wu/gitlab/weather_site_mobile/node_modules/redux-thunk/lib/index.js:14:16)
    at exports.default (/Users/yongchao.wu/gitlab/weather_site_mobile/lib/query.js:13:19)
    at /Users/yongchao.wu/gitlab/weather_site_mobile/lib/render.jsx:61:17
    at /Users/yongchao.wu/gitlab/weather_site_mobile/node_modules/react-router/lib/match.js:67:5
    at /Users/yongchao.wu/gitlab/weather_site_mobile/node_modules/react-router/lib/createTransitionManager.js:99:11
    at done (/Users/yongchao.wu/gitlab/weather_site_mobile/node_modules/react-router/lib/AsyncUtils.js:79:19)
    at /Users/yongchao.wu/gitlab/weather_site_mobile/node_modules/react-router/lib/AsyncUtils.js:85:7
    at getComponentsForRoute (/Users/yongchao.wu/gitlab/weather_site_mobile/node_modules/react-router/lib/getComponents.js:11:5)

2017-03-30 15:39:23.490 server error Error: Given action "LIVEVIEW", reducer "liveview" returned undefined. To ignore an action, you must explicitly return the previous state.
    at combination (/Users/yongchao.wu/gitlab/weather_site_mobile/node_modules/redux/lib/combineReducers.js:135:15)
    at dispatch (/Users/yongchao.wu/gitlab/weather_site_mobile/node_modules/redux/lib/createStore.js:179:22)
    at Object.dispatch (/Users/yongchao.wu/gitlab/weather_site_mobile/node_modules/redux-thunk/lib/index.js:14:16)
    at exports.default (/Users/yongchao.wu/gitlab/weather_site_mobile/lib/query.js:13:19)
    at /Users/yongchao.wu/gitlab/weather_site_mobile/lib/render.jsx:61:17
    at /Users/yongchao.wu/gitlab/weather_site_mobile/node_modules/react-router/lib/match.js:67:5
    at /Users/yongchao.wu/gitlab/weather_site_mobile/node_modules/react-router/lib/createTransitionManager.js:99:11
    at done (/Users/yongchao.wu/gitlab/weather_site_mobile/node_modules/react-router/lib/AsyncUtils.js:79:19)
    at /Users/yongchao.wu/gitlab/weather_site_mobile/node_modules/react-router/lib/AsyncUtils.js:85:7
    at getComponentsForRoute (/Users/yongchao.wu/gitlab/weather_site_mobile/node_modules/react-router/lib/getComponents.js:11:5)

2017-03-30 15:44:39.559 server error TypeError: Cannot read property 'props' of undefined
    at Liveview (/Users/yongchao.wu/gitlab/weather_site_mobile/client/components/liveview/index.jsx:12:25)
    at /Users/yongchao.wu/gitlab/weather_site_mobile/node_modules/react-dom/lib/ReactCompositeComponent.js:306:16
    at measureLifeCyclePerf (/Users/yongchao.wu/gitlab/weather_site_mobile/node_modules/react-dom/lib/ReactCompositeComponent.js:75:12)
    at ReactCompositeComponentWrapper._constructComponentWithoutOwner (/Users/yongchao.wu/gitlab/weather_site_mobile/node_modules/react-dom/lib/ReactCompositeComponent.js:305:14)
    at ReactCompositeComponentWrapper._constructComponent (/Users/yongchao.wu/gitlab/weather_site_mobile/node_modules/react-dom/lib/ReactCompositeComponent.js:280:21)
    at ReactCompositeComponentWrapper.mountComponent (/Users/yongchao.wu/gitlab/weather_site_mobile/node_modules/react-dom/lib/ReactCompositeComponent.js:188:21)
    at Object.mountComponent (/Users/yongchao.wu/gitlab/weather_site_mobile/node_modules/react-dom/lib/ReactReconciler.js:46:35)
    at ReactCompositeComponentWrapper.performInitialMount (/Users/yongchao.wu/gitlab/weather_site_mobile/node_modules/react-dom/lib/ReactCompositeComponent.js:371:34)
    at ReactCompositeComponentWrapper.mountComponent (/Users/yongchao.wu/gitlab/weather_site_mobile/node_modules/react-dom/lib/ReactCompositeComponent.js:258:21)
    at Object.mountComponent (/Users/yongchao.wu/gitlab/weather_site_mobile/node_modules/react-dom/lib/ReactReconciler.js:46:35)

2017-03-30 15:44:40.771 server error TypeError: Cannot read property 'props' of undefined
    at Liveview (/Users/yongchao.wu/gitlab/weather_site_mobile/client/components/liveview/index.jsx:12:25)
    at /Users/yongchao.wu/gitlab/weather_site_mobile/node_modules/react-dom/lib/ReactCompositeComponent.js:306:16
    at measureLifeCyclePerf (/Users/yongchao.wu/gitlab/weather_site_mobile/node_modules/react-dom/lib/ReactCompositeComponent.js:75:12)
    at ReactCompositeComponentWrapper._constructComponentWithoutOwner (/Users/yongchao.wu/gitlab/weather_site_mobile/node_modules/react-dom/lib/ReactCompositeComponent.js:305:14)
    at ReactCompositeComponentWrapper._constructComponent (/Users/yongchao.wu/gitlab/weather_site_mobile/node_modules/react-dom/lib/ReactCompositeComponent.js:280:21)
    at ReactCompositeComponentWrapper.mountComponent (/Users/yongchao.wu/gitlab/weather_site_mobile/node_modules/react-dom/lib/ReactCompositeComponent.js:188:21)
    at Object.mountComponent (/Users/yongchao.wu/gitlab/weather_site_mobile/node_modules/react-dom/lib/ReactReconciler.js:46:35)
    at ReactCompositeComponentWrapper.performInitialMount (/Users/yongchao.wu/gitlab/weather_site_mobile/node_modules/react-dom/lib/ReactCompositeComponent.js:371:34)
    at ReactCompositeComponentWrapper.mountComponent (/Users/yongchao.wu/gitlab/weather_site_mobile/node_modules/react-dom/lib/ReactCompositeComponent.js:258:21)
    at Object.mountComponent (/Users/yongchao.wu/gitlab/weather_site_mobile/node_modules/react-dom/lib/ReactReconciler.js:46:35)

2017-03-30 16:09:51.566 server error TypeError: liveview.map is not a function
    at Liveview (/Users/yongchao.wu/gitlab/weather_site_mobile/client/components/liveview/index.jsx:13:34)
    at /Users/yongchao.wu/gitlab/weather_site_mobile/node_modules/react-dom/lib/ReactCompositeComponent.js:306:16
    at measureLifeCyclePerf (/Users/yongchao.wu/gitlab/weather_site_mobile/node_modules/react-dom/lib/ReactCompositeComponent.js:75:12)
    at ReactCompositeComponentWrapper._constructComponentWithoutOwner (/Users/yongchao.wu/gitlab/weather_site_mobile/node_modules/react-dom/lib/ReactCompositeComponent.js:305:14)
    at ReactCompositeComponentWrapper._constructComponent (/Users/yongchao.wu/gitlab/weather_site_mobile/node_modules/react-dom/lib/ReactCompositeComponent.js:280:21)
    at ReactCompositeComponentWrapper.mountComponent (/Users/yongchao.wu/gitlab/weather_site_mobile/node_modules/react-dom/lib/ReactCompositeComponent.js:188:21)
    at Object.mountComponent (/Users/yongchao.wu/gitlab/weather_site_mobile/node_modules/react-dom/lib/ReactReconciler.js:46:35)
    at ReactCompositeComponentWrapper.performInitialMount (/Users/yongchao.wu/gitlab/weather_site_mobile/node_modules/react-dom/lib/ReactCompositeComponent.js:371:34)
    at ReactCompositeComponentWrapper.mountComponent (/Users/yongchao.wu/gitlab/weather_site_mobile/node_modules/react-dom/lib/ReactCompositeComponent.js:258:21)
    at Object.mountComponent (/Users/yongchao.wu/gitlab/weather_site_mobile/node_modules/react-dom/lib/ReactReconciler.js:46:35)

