2017-05-05 10:14:33.978 server error TypeError: Cannot read property 'data' of undefined
    at exports.default (/Users/yongchao.wu/gitlab/weather_website_mobile/client/reducers/report.jsx:18:13)
    at combination (/Users/yongchao.wu/gitlab/weather_website_mobile/node_modules/redux/lib/combineReducers.js:132:29)
    at dispatch (/Users/yongchao.wu/gitlab/weather_website_mobile/node_modules/redux/lib/createStore.js:179:22)
    at Object.dispatch (/Users/yongchao.wu/gitlab/weather_website_mobile/node_modules/redux-thunk/lib/index.js:14:16)
    at exports.default (/Users/yongchao.wu/gitlab/weather_website_mobile/lib/query.js:26:11)
    at /Users/yongchao.wu/gitlab/weather_website_mobile/lib/render.jsx:66:17
    at /Users/yongchao.wu/gitlab/weather_website_mobile/node_modules/react-router/lib/match.js:67:5
    at /Users/yongchao.wu/gitlab/weather_website_mobile/node_modules/react-router/lib/createTransitionManager.js:99:11
    at done (/Users/yongchao.wu/gitlab/weather_website_mobile/node_modules/react-router/lib/AsyncUtils.js:79:19)
    at /Users/yongchao.wu/gitlab/weather_website_mobile/node_modules/react-router/lib/AsyncUtils.js:85:7

2017-05-05 10:34:23.351 server error TypeError: contant.push is not a function
    at AbizContant (/Users/yongchao.wu/gitlab/weather_website_mobile/client/components/AbizContant/index.jsx:11:17)
    at /Users/yongchao.wu/gitlab/weather_website_mobile/node_modules/react-dom/lib/ReactCompositeComponent.js:306:16
    at measureLifeCyclePerf (/Users/yongchao.wu/gitlab/weather_website_mobile/node_modules/react-dom/lib/ReactCompositeComponent.js:75:12)
    at ReactCompositeComponentWrapper._constructComponentWithoutOwner (/Users/yongchao.wu/gitlab/weather_website_mobile/node_modules/react-dom/lib/ReactCompositeComponent.js:305:14)
    at ReactCompositeComponentWrapper._constructComponent (/Users/yongchao.wu/gitlab/weather_website_mobile/node_modules/react-dom/lib/ReactCompositeComponent.js:280:21)
    at ReactCompositeComponentWrapper.mountComponent (/Users/yongchao.wu/gitlab/weather_website_mobile/node_modules/react-dom/lib/ReactCompositeComponent.js:188:21)
    at Object.mountComponent (/Users/yongchao.wu/gitlab/weather_website_mobile/node_modules/react-dom/lib/ReactReconciler.js:46:35)
    at ReactDOMComponent.mountChildren (/Users/yongchao.wu/gitlab/weather_website_mobile/node_modules/react-dom/lib/ReactMultiChild.js:238:44)
    at ReactDOMComponent._createContentMarkup (/Users/yongchao.wu/gitlab/weather_website_mobile/node_modules/react-dom/lib/ReactDOMComponent.js:653:32)
    at ReactDOMComponent.mountComponent (/Users/yongchao.wu/gitlab/weather_website_mobile/node_modules/react-dom/lib/ReactDOMComponent.js:520:29)

2017-05-05 11:51:08.655 server error ReferenceError: key is not defined
    at AbrandDetail.render (/Users/yongchao.wu/gitlab/weather_website_mobile/client/components/AbrandDetail/index.jsx:42:14)
    at /Users/yongchao.wu/gitlab/weather_website_mobile/node_modules/react-dom/lib/ReactCompositeComponent.js:796:21
    at measureLifeCyclePerf (/Users/yongchao.wu/gitlab/weather_website_mobile/node_modules/react-dom/lib/ReactCompositeComponent.js:75:12)
    at ReactCompositeComponentWrapper._renderValidatedComponentWithoutOwnerOrContext (/Users/yongchao.wu/gitlab/weather_website_mobile/node_modules/react-dom/lib/ReactCompositeComponent.js:795:25)
    at ReactCompositeComponentWrapper._renderValidatedComponent (/Users/yongchao.wu/gitlab/weather_website_mobile/node_modules/react-dom/lib/ReactCompositeComponent.js:822:32)
    at ReactCompositeComponentWrapper.performInitialMount (/Users/yongchao.wu/gitlab/weather_website_mobile/node_modules/react-dom/lib/ReactCompositeComponent.js:362:30)
    at ReactCompositeComponentWrapper.mountComponent (/Users/yongchao.wu/gitlab/weather_website_mobile/node_modules/react-dom/lib/ReactCompositeComponent.js:258:21)
    at Object.mountComponent (/Users/yongchao.wu/gitlab/weather_website_mobile/node_modules/react-dom/lib/ReactReconciler.js:46:35)
    at ReactDOMComponent.mountChildren (/Users/yongchao.wu/gitlab/weather_website_mobile/node_modules/react-dom/lib/ReactMultiChild.js:238:44)
    at ReactDOMComponent._createContentMarkup (/Users/yongchao.wu/gitlab/weather_website_mobile/node_modules/react-dom/lib/ReactDOMComponent.js:653:32)

